<?xml version="1.0" encoding="UTF-8"?>
<!-- Generated by org.testng.reporters.JUnitReportReporter -->
<testsuite hostname="Vivek" failures="0" tests="3" name="Testpriority.priority" time="0.021" errors="0" timestamp="2023-10-22T17:33:36 IST" skipped="0">
  <testcase classname="Testpriority.priority" name="Startbrowser" time="0.004"/>
  <testcase classname="Testpriority.priority" name="Launchurl" time="0.012"/>
  <testcase classname="Testpriority.priority" name="Closebrowser" time="0.005"/>
</testsuite> <!-- Testpriority.priority -->
