<?xml version="1.0" encoding="UTF-8"?>
<!-- Generated by org.testng.reporters.JUnitReportReporter -->
<testsuite hostname="Vivek" failures="0" tests="3" name="dependsOn" time="0.018" errors="0" timestamp="2023-09-27T18:15:11 IST" skipped="0">
  <testcase classname="dependsOn" name="AbeautifulMind" time="0.005"/>
  <testcase classname="dependsOn" name="ImmitationGame" time="0.003"/>
  <testcase classname="dependsOn" name="Rocketary" time="0.010"/>
</testsuite> <!-- dependsOn -->
