<?xml version="1.0" encoding="UTF-8"?>
<!-- Generated by org.testng.reporters.JUnitReportReporter -->
<testsuite hostname="Vivek" failures="0" tests="3" name="Testpriority.bynumber" time="0.003" errors="0" timestamp="2023-10-22T17:33:36 IST" skipped="0">
  <testcase classname="Testpriority.bynumber" name="Tup" time="0.001"/>
  <testcase classname="Testpriority.bynumber" name="Prajyot" time="0.001"/>
  <testcase classname="Testpriority.bynumber" name="Vivek" time="0.001"/>
</testsuite> <!-- Testpriority.bynumber -->
