<?xml version="1.0" encoding="UTF-8"?>
<!-- Generated by org.testng.reporters.JUnitReportReporter -->
<testsuite hostname="Vivek" failures="0" tests="1" name="handelingwindow.handlenewwindow" time="35.998" errors="0" timestamp="2023-10-22T17:33:36 IST" skipped="0">
  <testcase classname="handelingwindow.handlenewwindow" name="open" time="35.998"/>
</testsuite> <!-- handelingwindow.handlenewwindow -->
