<?xml version="1.0" encoding="UTF-8"?>
<!-- Generated by org.testng.reporters.JUnitReportReporter -->
<testsuite hostname="Vivek" failures="0" tests="3" name="Testpriority.Byletter" time="0.036" errors="0" timestamp="2023-10-22T17:33:36 IST" skipped="0">
  <testcase classname="Testpriority.Byletter" name="Ship" time="0.013"/>
  <testcase classname="Testpriority.Byletter" name="aeroplane" time="0.004"/>
  <testcase classname="Testpriority.Byletter" name="Bus" time="0.019"/>
</testsuite> <!-- Testpriority.Byletter -->
