<?xml version="1.0" encoding="UTF-8"?>
<!-- Generated by org.testng.reporters.JUnitReportReporter -->
<testsuite hostname="Vivek" failures="0" tests="1" name="TestNG.beforeAfter" time="0.001" errors="0" timestamp="2023-10-22T17:33:36 IST" skipped="0">
  <testcase classname="TestNG.beforeAfter" name="c" time="0.001"/>
</testsuite> <!-- TestNG.beforeAfter -->
