<?xml version="1.0" encoding="UTF-8"?>
<!-- Generated by org.testng.reporters.JUnitReportReporter -->
<testsuite hostname="Vivek" failures="0" tests="3" name="Testpriority.TestPriority" time="0.029" errors="0" timestamp="2023-10-22T17:33:36 IST" skipped="0">
  <testcase classname="Testpriority.TestPriority" name="Prajyot" time="0.018"/>
  <testcase classname="Testpriority.TestPriority" name="Manish" time="0.008"/>
  <testcase classname="Testpriority.TestPriority" name="Vivek" time="0.003"/>
</testsuite> <!-- Testpriority.TestPriority -->
