<?xml version="1.0" encoding="UTF-8"?>
<!-- Generated by org.testng.reporters.JUnitReportReporter -->
<testsuite hostname="Vivek" failures="0" tests="1" name="BeforeandAfterClass.drop" time="13.221" errors="0" timestamp="2023-09-23T11:45:52 IST" skipped="0">
  <testcase classname="BeforeandAfterClass.drop" name="scrolldown" time="13.221"/>
</testsuite> <!-- BeforeandAfterClass.drop -->
