<?xml version="1.0" encoding="UTF-8"?>
<!-- Generated by org.testng.reporters.JUnitReportReporter -->
<testsuite hostname="Vivek" failures="0" tests="3" name="Enabled.Enable" time="0.003" errors="0" timestamp="2023-10-22T17:33:36 IST" skipped="1">
  <testcase classname="Enabled.Enable" name="Mango" time="0.002"/>
  <testcase classname="Enabled.Enable" name="Pineapple" time="0.001"/>
  <testcase classname="Enabled.Enable" name="Watermelon">
    <skipped/>
  </testcase> <!-- Watermelon -->
</testsuite> <!-- Enabled.Enable -->
