<?xml version="1.0" encoding="UTF-8"?>
<!-- Generated by org.testng.reporters.JUnitReportReporter -->
<testsuite hostname="Vivek" failures="0" tests="3" name="trial.priority" time="0.017" errors="0" timestamp="2023-10-22T17:33:36 IST" skipped="0">
  <testcase classname="trial.priority" name="Startbrowser" time="0.009"/>
  <testcase classname="trial.priority" name="Launchurl" time="0.007"/>
  <testcase classname="trial.priority" name="Closebrowser" time="0.001"/>
</testsuite> <!-- trial.priority -->
