<?xml version="1.0" encoding="UTF-8"?>
<!-- Generated by org.testng.reporters.JUnitReportReporter -->
<testsuite hostname="Vivek" failures="0" tests="3" name="trial.Enable" time="0.004" errors="0" timestamp="2023-10-22T17:33:36 IST" skipped="1">
  <testcase classname="trial.Enable" name="Mango" time="0.002"/>
  <testcase classname="trial.Enable" name="Pineapple" time="0.002"/>
  <testcase classname="trial.Enable" name="Watermelon">
    <skipped/>
  </testcase> <!-- Watermelon -->
</testsuite> <!-- trial.Enable -->
